[===== Debugger Started =====]
[==== Configs System Runner Started. ====]
[=== Configs Resolver Finished. ===]
⟶  [19:35:36] [ConfigResolver.php::loadContexts - info]
   Loaded context: 'CliInputContextDTO' from the context bus
⟶  [19:35:36] [ConfigResolver.php::resolveMainConfigName - warning]
   No custom main config name provided; using default: 'ForgeFoundary'
⟶  [19:35:36] [ConfigResolver.php::resolveMainConfigPath - warning]
   No custom config path provided. Using default: /home/Genocide/Code/ForgeFoundary/App/Src/Configs
⟶  [19:35:36] [ConfigResolver.php::resolveMainConfigValue - info]
   Attempting to load main config 'ForgeFoundary' from path:
   '/home/Genocide/Code/ForgeFoundary/App/Src/Configs'
⟶  [19:35:36] [ConfigResolver.php::resolveMainConfigValue - info]
   Loaded YAML config file: '/home/Genocide/Code/ForgeFoundary/App/Src/Configs/ForgeFoundary.yaml'
⟶  [19:35:36] [ConfigResolver.php::resolveMainConfigValue - info]
   Main config: 'ForgeFoundary' loaded successfully
⟶  [19:35:36] [ConfigResolver.php::resolveModeConfigName - info]
   Loaded mode name: 'laravel-ddd'
⟶  [19:35:36] [ConfigResolver.php::resolveModesConfigPath - info]
   Modes path: '/home/Genocide/Code/ForgeFoundary/App/Src/Modes'
⟶  [19:35:36] [ConfigResolver.php::resolveModeConfigValue - info]
   Attempting to load mode config 'laravel-ddd' from path:
   '/home/Genocide/Code/ForgeFoundary/App/Src/Modes'
⟶  [19:35:36] [ConfigResolver.php::resolveModeConfigValue - info]
   Loaded mode config file:
   '/home/Genocide/Code/ForgeFoundary/App/Src/Modes/laravel-ddd/laravel-ddd.yaml'
⟶  [19:35:36] [ConfigResolver.php::resolveModeConfigValue - info]
   Mode 'laravel-ddd' loaded successfully
⟶  [19:35:36] [ConfigResolver.php::resolveModeAbsolutePath - info]
   Absolute Mode Path: '/home/Genocide/Code/ForgeFoundary/App/Src/Modes/laravel-ddd/laravel-ddd.yaml'
[=== Configs Context Publisher Finished. ===]
⟶  [19:35:36] [ConfigSystemRunner.php::publishDTO - info]
   Published Context: 'App\Src\Domains\Configs\DTOs\ConfigContextDTO' to the global context bus
[=== Configs Context Publisher Finished. ===]
[=== Configs Resolver Finished. ===]
[==== Configs System Runner Finished. ====]
[==== Cli Flags System Runner Started. ====]
[=== Cli Flags Resolver Started. ===]
⟶  [19:35:36] [CliFlagsResolver.php::loadContexts - info]
   Loaded context: 'CliInputContextDTO' from the context bus
⟶  [19:35:36] [CliFlagsResolver.php::loadContexts - info]
   Loaded context: 'ConfigContextDTO' from the context bus
⟶  [19:35:36] [CliFlagsResolver.php::resolveProvidedCliFlags - info]
   Provided CLI flags: '[units_created_by_default=false, component_name=key,
   component_path=/tmp/forge_dry_run_6939cb88d50e4]'
⟶  [19:35:36] [CliFlagsResolver.php::resolveMutatableConfigKeys - info]
   Linked CLI flags to config keys using them:
   {"component_path":["component_path"],"component_name":["component_name","component_name"],"directories_enabled":["directories_enabled"],"template_file_extension":["file_extension"],"templates_path":["templates_path"],"templates_enabled":["templates_enabled"],"units_created_by_default":["units_created_by_default","units_created_by_default"],"units_map_mode":["mode"],"units_enabled":["units_enabled"],"commands_enabled":["commands_enabled"],"naming_conventions_enabled":["naming_conventions_enabled"]}
[=== Cli Flags Context Publisher Started. ===]
⟶  [19:35:36] [CliFlagsSystemRunner.php::publishDTO - info]
   Published Context: 'App\Src\Domains\CliFlags\DTOs\CliFlagsContextDTO' to the global context bus
[=== Cli Flags Context Publisher Finished. ===]
[=== Cli Flags Resolver Finished. ===]
[=== Cli Flags Executer Started. ===]
⟶  [19:35:36] [CliFlagsExecuter.php::loadContexts - info]
   Loaded context: 'ConfigContextDTO' from the context bus
⟶  [19:35:36] [CliFlagsExecuter.php::loadContexts - info]
   Loaded context: 'CliFlagsContextDTO' from the context bus
⟶  [19:35:36] [CliFlagsSystemRunner.php::executeCliFlags - info]
   'units_created_by_default' CLI flag detected as bool FALSE
⟶  [19:35:36] [CliFlagsExecuter.php::applyCliFlagRecursive - info]
   CLI flag 'units_created_by_default' overwrote 'units_created_by_default' value '1' with ''
⟶  [19:35:36] [CliFlagsExecuter.php::applyCliFlagRecursive - info]
   CLI flag 'units_created_by_default' overwrote 'units_created_by_default' value '1' with ''
⟶  [19:35:36] [CliFlagsExecuter.php::applyCliFlagRecursive - info]
   CLI flag 'units_created_by_default' overwrote 'units_created_by_default' value '1' with ''
⟶  [19:35:36] [CliFlagsExecuter.php::applyCliFlagRecursive - info]
   CLI flag 'units_created_by_default' overwrote 'units_created_by_default' value '' with ''
⟶  [19:35:36] [CliFlagsExecuter.php::applyCliFlagRecursive - info]
   CLI flag 'units_created_by_default' overwrote 'units_created_by_default' value '' with ''
⟶  [19:35:36] [CliFlagsExecuter.php::applyCliFlagRecursive - info]
   CLI flag 'units_created_by_default' overwrote 'units_created_by_default' value '' with ''
⟶  [19:35:36] [CliFlagsExecuter.php::applyCliFlagRecursive - info]
   CLI flag 'component_name' overwrote 'component_name' value 'Hello' with 'key'
⟶  [19:35:36] [CliFlagsExecuter.php::applyCliFlagRecursive - info]
   CLI flag 'component_name' overwrote 'component_name' value 'Hello' with 'key'
⟶  [19:35:36] [CliFlagsExecuter.php::applyCliFlagRecursive - info]
   CLI flag 'component_name' overwrote 'component_name' value 'Hello' with 'key'
⟶  [19:35:36] [CliFlagsExecuter.php::applyCliFlagRecursive - info]
   CLI flag 'component_name' overwrote 'component_name' value 'key' with 'key'
⟶  [19:35:36] [CliFlagsExecuter.php::applyCliFlagRecursive - info]
   CLI flag 'component_name' overwrote 'component_name' value 'key' with 'key'
⟶  [19:35:36] [CliFlagsExecuter.php::applyCliFlagRecursive - info]
   CLI flag 'component_name' overwrote 'component_name' value 'key' with 'key'
⟶  [19:35:36] [CliFlagsExecuter.php::applyCliFlagRecursive - info]
   CLI flag 'component_path' overwrote 'component_path' value
   '/home/Genocide/Code/projects/boardify/back-end/app/Domains' with '/tmp/forge_dry_run_6939cb88d50e4'
⟶  [19:35:36] [CliFlagsExecuter.php::applyCliFlagRecursive - info]
   CLI flag 'component_path' overwrote 'component_path' value
   '/home/Genocide/Code/projects/boardify/back-end/app/Domains' with '/tmp/forge_dry_run_6939cb88d50e4'
⟶  [19:35:36] [CliFlagsSystemRunner.php::executeCliFlags - info]
   Final mode configuration after applying CLI flags:
mode_metadata:
    name: laravel-ddd
    version: 1.0
    description: "Defines the Laravel domain-driven structure for app scaffolding.\n"
    language: php
    author: omar
component_path_mutator:
   /home/Genocide/Code/projects/boardify/back-end/app/Domains
component_name_mutator:
   Hello
templates_path_mutator: Modes/laravel-ddd/Templates/
template_file_extension_mutator:
   php
templates_require_existing_dirs_mutator: true
templates_enabled_mutator:
   true
directories_enabled_mutator: false
units_created_by_default_mutators: true
units_map_mode:
   directories
units_enabled_mutator: true
naming_conventions_enabled_mutator:
   true
commands_enabled_mutator: true
cli_flags_enabled_mutator: true
cli_flags_enabled:
   true
cli_flags:
    component_path: /tmp/forge_dry_run_6939cb88d50e4
    component_name: key
    directories_enabled: false
    template_file_extension: php
    templates_path: Modes/laravel-ddd/Templates/
    templates_enabled: true
    units_created_by_default: false
    units_map_mode: directories
    units_enabled: true
    commands_enabled: true
    naming_conventions_enabled: true
commands_enabled: true
commands:
    before: {  }
    after: {  }
component_path: /tmp/forge_dry_run_6939cb88d50e4
component_name:
   key
directories_enabled: false
directories:
    - Migrations
    - Models
    - Policies
    - Providers
    - Controllers
    - DTOs
    - Requests
    - Services
    - Helpers
    - Contracts/Repositories
    - Repositories
    - Routes/Api
    - Tests/Feature
    - Tests/Unit
    - Seeders
    - Factories
    - Hello
templates_path: Modes/laravel-ddd/Templates/
templates_enabled:
   true
templates_require_existing_dirs: true
template_engine_extensions:
    - mustache
    - twig
    - blade.php
templates:
    defaults: { file_name: defaultFileName, file_extension: php, placeholders: { component_name: key }
   }
    overrides: {  }
units_enabled: true
units:
    - Crud
    - Auth
    - Logic
units_map:
    mode: directories
    directories: { units_created_by_default: false, overrides: { Models: {  }, Policies: {  }, Seeders:
   {  }, Migrations: {  }, Factories: {  }, Providers: {  } } }
    units: { units_created_by_default: false, overrides: {  } }
naming_conventions_enabled:
   true
naming_conventions:
    pascal_case: { component: true, directories: { defaults: true, overrides: {  } }, units: {
   defaults: true, overrides: {  } }, templates: { defaults: true, overrides: {  } } }

[=== Cli Flags Executer Finished. ===]
[==== Cli Flags System Runner Finished. ====]
[==== Commands System Runner Started. ====]
[=== Commands Resolver Started. ===]
⟶  [19:35:36] [CommandResolver.php::resolveBeforeCommands - info]
   No pre-scaffolding commands were provided
⟶  [19:35:36] [CommandResolver.php::resolveAfterCommands - info]
   No post-scaffolding commands were provided
[=== Commands Context Publisher Started. ===]
⟶  [19:35:36] [CommandSystemRunner.php::publishDTO - info]
   Published Context: 'App\Src\Domains\Commands\DTOs\CommandsContextDTO' to the global context bus
[=== Commands Context Publisher Finished. ===]
[=== Commands Resolver Finished. ===]
[=== Commands Executer Started. ===]
⟶  [19:35:36] [CommandsExecuter.php::loadContexts - info]
   Loaded context: 'CommandsContextDTO' from the context bus
⟶  [19:35:36] [CommandSystemRunner.php::executeCommands - info]
   Executing pre-scaffolding commands...
⟶  [19:35:36] [CommandSystemRunner.php::executeCommands - info]
   All pre-scaffolding commands executed
[=== Commands Executer Finished. ===]
[==== Commands System Runner Finished. ====]
[==== Naming Conventions System Runner Started. ====]
⟶  [19:35:36] [NamingConventionsSystemRunner.php::assertEnabled - warning]
   Directories system is disabled
[==== Directories System Runner Finished. ====]
[===== Forge Foundary Command Started. =====]
[==== Component System Runner Started. ====]
[=== Component Resolver Started. ===]
⟶  [19:35:36] [ComponentResolver.php::resolveComponentName - info]
   Component name: 'key'
⟶  [19:35:36] [ComponentResolver.php::resolveComponentPath - info]
   Component path: '/tmp/forge_dry_run_6939cb88d50e4/key'
[=== Component Context Publisher Started. ===]
⟶  [19:35:36] [ComponentSystemRunner.php::publishDTO - info]
   Published Context: 'App\Src\Domains\Components\DTOs\ComponentContextDTO' to the global context bus
[=== Component Context Publishing Finished. ===]
[=== Component Resolving Finished. ===]
[=== Component Generator Started. ===]
⟶  [19:35:36] [ComponentGenerator.php::loadContexts - info]
   Loaded context: 'ComponentContextDTO' from the context bus
⟶  [19:35:36] [ComponentSystemRunner.php::generateComponent - info]
   Generated component: '/tmp/forge_dry_run_6939cb88d50e4/key'
[=== Component Generating Finished. ===]
[==== Component System Runner Finished. ====]
[==== Directories System Runner Started. ====]
⟶  [19:35:36] [DirectorySystemRunner.php::assertEnabled - warning]
   Directories system is disabled
[==== Directories System Runner Finished. ====]
[==== Unit System Runner Started ====]
⟶  [19:35:36] [DryRunCommand.php::run - warning]
   Directories system is disabled therefore units system cant be ran
[==== Unit System Runner Finished. ====]
[==== Templates System Runner Started. ====]
[=== Templates system Resolvers Started. ===]
[=== Template Context Resolver Started. ===]
⟶  [19:35:36] [TemplateContextResolver.php::resolveTemplatesPath - info]
   Templates path: '/home/Genocide/Code/ForgeFoundary/App/Src/Modes/laravel-ddd/Templates'
⟶  [19:35:36] [TemplateContextResolver.php::resolveTemplateEngineExtensions - info]
   Template engine extensions available: '[mustache, twig, blade.php]'
⟶  [19:35:36] [TemplateContextResolver.php::resolveTemplates - info]
   Provided templates:'[controller.mustache, dto.mustache, model.mustache, policy.mustache,
   repository.mustache, service.mustache, serviceprovider.mustache]'
⟶  [19:35:36] [TemplateContextResolver.php::logDefaults - info]
   Resolved defaults:
⟶  [19:35:36] [TemplateResolvingManager.php::logArrayRecursively - raw]
     • file_name: defaultFileName
⟶  [19:35:36] [TemplateResolvingManager.php::logArrayRecursively - raw]
     • file_extension: php
⟶  [19:35:36] [TemplateResolvingManager.php::logArrayRecursively - raw]
     • placeholders:
⟶  [19:35:36] [TemplateResolvingManager.php::logArrayRecursively - raw]
         • component_name: key
⟶  [19:35:36] [TemplateContextResolver.php::logOverrides - info]
   No overrides defined
⟶  [19:35:36] [TemplateContextResolver.php::resolveTemplateRequireExistingDirs - info]
   Templates require existing directoreis to be created
[=== Templates Context Publisher Started. ===]
⟶  [19:35:36] [TemplateSystemRunner.php::publishDTO - info]
   Published Context: 'App\Src\Domains\Templates\DTOs\TemplateContextDTO' to the global context bus
[=== Templates Context Publisher Finished. ===]
[=== Template Context Resolver Finished. ===]
[=== Templates Resolver Started. ===]
⟶  [19:35:36] [TemplatesResolver.php::loadContexts - info]
   Loaded context: 'TemplateContextDTO' from the context bus
[=== Template controller.mustache Resolver Started. ===]
⟶  [19:35:36] [TemplateDataResolver.php::logData - info]
   Resolved file data for template 'controller.mustache':
⟶  [19:35:36] [TemplateDataResolver.php::logData - raw]
     - templateName: controller.mustache
⟶  [19:35:36] [TemplateDataResolver.php::logData - raw]
     - templatePath:
   /home/Genocide/Code/ForgeFoundary/App/Src/Modes/laravel-ddd/Templates/controller.mustache
⟶  [19:35:36] [TemplateDataResolver.php::logData - raw]
     - templateMetaData: file_name: "{{component_name}}Controller"
file_extension: ts
file_paths: 
  -
   Controllers
⟶  [19:35:36] [TemplateDataResolver.php::logData - raw]
     - templateOverrides:
⟶  [19:35:36] [FileDataResolver.php::logData - info]
   Resolved template data for template 'controller.mustache':
⟶  [19:35:36] [FileDataResolver.php::logData - raw]
     - fileName: keyController
⟶  [19:35:36] [FileDataResolver.php::logData - raw]
     - filePaths:
⟶  [19:35:36] [TemplateResolvingManager.php::logArrayIndented - raw]
         • 0: Controllers
⟶  [19:35:36] [FileDataResolver.php::logData - raw]
     - fileExtension: ts
⟶  [19:35:36] [FileDataResolver.php::logData - raw]
     - fileDisabled: 
⟶  [19:35:36] [FileDataResolver.php::logData - raw]
     - templateEngine: mustache
⟶  [19:35:36] [FileDataResolver.php::logData - raw]
     - filePlaceholders:
⟶  [19:35:36] [TemplateResolvingManager.php::logArrayIndented - raw]
         • file_name: {{component_name}}Controller
⟶  [19:35:36] [TemplateResolvingManager.php::logArrayIndented - raw]
         • file_extension: ts
⟶  [19:35:36] [TemplateResolvingManager.php::logArrayIndented - raw]
         • file_paths:
⟶  [19:35:36] [TemplateResolvingManager.php::logArrayIndented - raw]
             • 0: Controllers
⟶  [19:35:36] [TemplateResolvingManager.php::logArrayIndented - raw]
         • component_name: key
[=== Template controller.mustache Resolver Finished. ===]
[=== Template dto.mustache Resolver Started. ===]
⟶  [19:35:36] [TemplateDataResolver.php::logData - info]
   Resolved file data for template 'dto.mustache':
⟶  [19:35:36] [TemplateDataResolver.php::logData - raw]
     - templateName: dto.mustache
⟶  [19:35:36] [TemplateDataResolver.php::logData - raw]
     - templatePath: /home/Genocide/Code/ForgeFoundary/App/Src/Modes/laravel-ddd/Templates/dto.mustache
⟶  [19:35:36] [TemplateDataResolver.php::logData - raw]
     - templateMetaData: file_name: DTO
file_paths:
    - DTOs
file_extension: ts
⟶  [19:35:36] [TemplateDataResolver.php::logData - raw]
     - templateOverrides:
⟶  [19:35:36] [FileDataResolver.php::logData - info]
   Resolved template data for template 'dto.mustache':
⟶  [19:35:36] [FileDataResolver.php::logData - raw]
     - fileName: DTO
⟶  [19:35:36] [FileDataResolver.php::logData - raw]
     - filePaths:
⟶  [19:35:36] [TemplateResolvingManager.php::logArrayIndented - raw]
         • 0: DTOs
⟶  [19:35:36] [FileDataResolver.php::logData - raw]
     - fileExtension: ts
⟶  [19:35:36] [FileDataResolver.php::logData - raw]
     - fileDisabled: 
⟶  [19:35:36] [FileDataResolver.php::logData - raw]
     - templateEngine: mustache
⟶  [19:35:36] [FileDataResolver.php::logData - raw]
     - filePlaceholders:
⟶  [19:35:36] [TemplateResolvingManager.php::logArrayIndented - raw]
         • file_name: DTO
⟶  [19:35:36] [TemplateResolvingManager.php::logArrayIndented - raw]
         • file_paths:
⟶  [19:35:36] [TemplateResolvingManager.php::logArrayIndented - raw]
             • 0: DTOs
⟶  [19:35:36] [TemplateResolvingManager.php::logArrayIndented - raw]
         • file_extension: ts
⟶  [19:35:36] [TemplateResolvingManager.php::logArrayIndented - raw]
         • component_name: key
[=== Template dto.mustache Resolver Finished. ===]
[=== Template model.mustache Resolver Started. ===]
⟶  [19:35:36] [TemplateDataResolver.php::logData - info]
   Resolved file data for template 'model.mustache':
⟶  [19:35:36] [TemplateDataResolver.php::logData - raw]
     - templateName: model.mustache
⟶  [19:35:36] [TemplateDataResolver.php::logData - raw]
     - templatePath:
   /home/Genocide/Code/ForgeFoundary/App/Src/Modes/laravel-ddd/Templates/model.mustache
⟶  [19:35:36] [TemplateDataResolver.php::logData - raw]
     - templateMetaData: 
⟶  [19:35:36] [TemplateDataResolver.php::logData - raw]
     - templateOverrides:
⟶  [19:35:36] [TemplateSystemRunner.php::resolveTemplates - error]
   'model.mustache' does not have valid file data.
[=== Template policy.mustache Resolver Started. ===]
⟶  [19:35:36] [TemplateDataResolver.php::logData - info]
   Resolved file data for template 'policy.mustache':
⟶  [19:35:36] [TemplateDataResolver.php::logData - raw]
     - templateName: policy.mustache
⟶  [19:35:36] [TemplateDataResolver.php::logData - raw]
     - templatePath:
   /home/Genocide/Code/ForgeFoundary/App/Src/Modes/laravel-ddd/Templates/policy.mustache
⟶  [19:35:36] [TemplateDataResolver.php::logData - raw]
     - templateMetaData: 
⟶  [19:35:36] [TemplateDataResolver.php::logData - raw]
     - templateOverrides:
⟶  [19:35:36] [TemplateSystemRunner.php::resolveTemplates - error]
   'policy.mustache' does not have valid file data.
[=== Template repository.mustache Resolver Started. ===]
⟶  [19:35:36] [TemplateDataResolver.php::logData - info]
   Resolved file data for template 'repository.mustache':
⟶  [19:35:36] [TemplateDataResolver.php::logData - raw]
     - templateName: repository.mustache
⟶  [19:35:36] [TemplateDataResolver.php::logData - raw]
     - templatePath:
   /home/Genocide/Code/ForgeFoundary/App/Src/Modes/laravel-ddd/Templates/repository.mustache
⟶  [19:35:36] [TemplateDataResolver.php::logData - raw]
     - templateMetaData: 
⟶  [19:35:36] [TemplateDataResolver.php::logData - raw]
     - templateOverrides:
⟶  [19:35:36] [TemplateSystemRunner.php::resolveTemplates - error]
   'repository.mustache' does not have valid file data.
[=== Template service.mustache Resolver Started. ===]
⟶  [19:35:36] [TemplateDataResolver.php::logData - info]
   Resolved file data for template 'service.mustache':
⟶  [19:35:36] [TemplateDataResolver.php::logData - raw]
     - templateName: service.mustache
⟶  [19:35:36] [TemplateDataResolver.php::logData - raw]
     - templatePath:
   /home/Genocide/Code/ForgeFoundary/App/Src/Modes/laravel-ddd/Templates/service.mustache
⟶  [19:35:36] [TemplateDataResolver.php::logData - raw]
     - templateMetaData: 
⟶  [19:35:36] [TemplateDataResolver.php::logData - raw]
     - templateOverrides:
⟶  [19:35:36] [TemplateSystemRunner.php::resolveTemplates - error]
   'service.mustache' does not have valid file data.
[=== Template serviceprovider.mustache Resolver Started. ===]
⟶  [19:35:36] [TemplateDataResolver.php::logData - info]
   Resolved file data for template 'serviceprovider.mustache':
⟶  [19:35:36] [TemplateDataResolver.php::logData - raw]
     - templateName: serviceprovider.mustache
⟶  [19:35:36] [TemplateDataResolver.php::logData - raw]
     - templatePath:
   /home/Genocide/Code/ForgeFoundary/App/Src/Modes/laravel-ddd/Templates/serviceprovider.mustache
⟶  [19:35:36] [TemplateDataResolver.php::logData - raw]
     - templateMetaData: 
⟶  [19:35:36] [TemplateDataResolver.php::logData - raw]
     - templateOverrides:
⟶  [19:35:36] [TemplateSystemRunner.php::resolveTemplates - error]
   'serviceprovider.mustache' does not have valid file data.
[=== Templates Context Publisher Started. ===]
⟶  [19:35:36] [TemplateSystemRunner.php::publishDTO - info]
   Published Context: 'App\Src\Domains\Templates\DTOs\TemplatesDTO' to the global context bus
[=== Templates Context Publisher Finished. ===]
[=== Templates Resolver Finished. ===]
[=== Templates system Resolvers Finished. ===]
[=== Templates Generator Started. ===]
⟶  [19:35:36] [TemplatesGenerator.php::loadContexts - info]
   Loaded context: 'TemplatesDTO' from the context bus
⟶  [19:35:36] [FileGenerationManager.php::loadContexts - info]
   Loaded context: 'TemplateContextDTO' from the context bus
⟶  [19:35:36] [FileGenerationManager.php::loadContexts - info]
   Loaded context: 'ComponentContextDTO' from the context bus
[===== Debugger Started =====]
[==== Configs System Runner Started. ====]
[=== Configs Resolver Finished. ===]
⟶  [19:37:00] [ConfigResolver.php::loadContexts - info]
   Loaded context: 'CliInputContextDTO' from the context bus
⟶  [19:37:00] [ConfigResolver.php::resolveMainConfigName - warning]
   No custom main config name provided; using default: 'ForgeFoundary'
⟶  [19:37:00] [ConfigResolver.php::resolveMainConfigPath - warning]
   No custom config path provided. Using default: /home/Genocide/Code/ForgeFoundary/App/Src/Configs
⟶  [19:37:00] [ConfigResolver.php::resolveMainConfigValue - info]
   Attempting to load main config 'ForgeFoundary' from path:
   '/home/Genocide/Code/ForgeFoundary/App/Src/Configs'
⟶  [19:37:00] [ConfigResolver.php::resolveMainConfigValue - info]
   Loaded YAML config file: '/home/Genocide/Code/ForgeFoundary/App/Src/Configs/ForgeFoundary.yaml'
⟶  [19:37:00] [ConfigResolver.php::resolveMainConfigValue - info]
   Main config: 'ForgeFoundary' loaded successfully
⟶  [19:37:00] [ConfigResolver.php::resolveModeConfigName - info]
   Loaded mode name: 'laravel-ddd'
⟶  [19:37:00] [ConfigResolver.php::resolveModesConfigPath - info]
   Modes path: '/home/Genocide/Code/ForgeFoundary/App/Src/Modes'
⟶  [19:37:00] [ConfigResolver.php::resolveModeConfigValue - info]
   Attempting to load mode config 'laravel-ddd' from path:
   '/home/Genocide/Code/ForgeFoundary/App/Src/Modes'
⟶  [19:37:00] [ConfigResolver.php::resolveModeConfigValue - info]
   Loaded mode config file:
   '/home/Genocide/Code/ForgeFoundary/App/Src/Modes/laravel-ddd/laravel-ddd.yaml'
⟶  [19:37:00] [ConfigResolver.php::resolveModeConfigValue - info]
   Mode 'laravel-ddd' loaded successfully
⟶  [19:37:01] [ConfigResolver.php::resolveModeAbsolutePath - info]
   Absolute Mode Path: '/home/Genocide/Code/ForgeFoundary/App/Src/Modes/laravel-ddd/laravel-ddd.yaml'
[=== Configs Context Publisher Finished. ===]
⟶  [19:37:01] [ConfigSystemRunner.php::publishDTO - info]
   Published Context: 'App\Src\Domains\Configs\DTOs\ConfigContextDTO' to the global context bus
[=== Configs Context Publisher Finished. ===]
[=== Configs Resolver Finished. ===]
[==== Configs System Runner Finished. ====]
[==== Cli Flags System Runner Started. ====]
[=== Cli Flags Resolver Started. ===]
⟶  [19:37:01] [CliFlagsResolver.php::loadContexts - info]
   Loaded context: 'CliInputContextDTO' from the context bus
⟶  [19:37:01] [CliFlagsResolver.php::loadContexts - info]
   Loaded context: 'ConfigContextDTO' from the context bus
⟶  [19:37:01] [CliFlagsResolver.php::resolveProvidedCliFlags - info]
   Provided CLI flags: '[units_created_by_default=false, component_name=key,
   component_path=/tmp/forge_dry_run_6939cbdcf1fd8]'
⟶  [19:37:01] [CliFlagsResolver.php::resolveMutatableConfigKeys - info]
   Linked CLI flags to config keys using them:
   {"component_path":["component_path"],"component_name":["component_name","component_name"],"directories_enabled":["directories_enabled"],"template_file_extension":["file_extension"],"templates_path":["templates_path"],"templates_enabled":["templates_enabled"],"units_created_by_default":["units_created_by_default","units_created_by_default"],"units_map_mode":["mode"],"units_enabled":["units_enabled"],"commands_enabled":["commands_enabled"],"naming_conventions_enabled":["naming_conventions_enabled"]}
[=== Cli Flags Context Publisher Started. ===]
⟶  [19:37:01] [CliFlagsSystemRunner.php::publishDTO - info]
   Published Context: 'App\Src\Domains\CliFlags\DTOs\CliFlagsContextDTO' to the global context bus
[=== Cli Flags Context Publisher Finished. ===]
[=== Cli Flags Resolver Finished. ===]
[=== Cli Flags Executer Started. ===]
⟶  [19:37:01] [CliFlagsExecuter.php::loadContexts - info]
   Loaded context: 'ConfigContextDTO' from the context bus
⟶  [19:37:01] [CliFlagsExecuter.php::loadContexts - info]
   Loaded context: 'CliFlagsContextDTO' from the context bus
⟶  [19:37:01] [CliFlagsSystemRunner.php::executeCliFlags - info]
   'units_created_by_default' CLI flag detected as bool FALSE
⟶  [19:37:01] [CliFlagsExecuter.php::applyCliFlagRecursive - info]
   CLI flag 'units_created_by_default' overwrote 'units_created_by_default' value '1' with ''
⟶  [19:37:01] [CliFlagsExecuter.php::applyCliFlagRecursive - info]
   CLI flag 'units_created_by_default' overwrote 'units_created_by_default' value '1' with ''
⟶  [19:37:01] [CliFlagsExecuter.php::applyCliFlagRecursive - info]
   CLI flag 'units_created_by_default' overwrote 'units_created_by_default' value '1' with ''
⟶  [19:37:01] [CliFlagsExecuter.php::applyCliFlagRecursive - info]
   CLI flag 'units_created_by_default' overwrote 'units_created_by_default' value '' with ''
⟶  [19:37:01] [CliFlagsExecuter.php::applyCliFlagRecursive - info]
   CLI flag 'units_created_by_default' overwrote 'units_created_by_default' value '' with ''
⟶  [19:37:01] [CliFlagsExecuter.php::applyCliFlagRecursive - info]
   CLI flag 'units_created_by_default' overwrote 'units_created_by_default' value '' with ''
⟶  [19:37:01] [CliFlagsExecuter.php::applyCliFlagRecursive - info]
   CLI flag 'component_name' overwrote 'component_name' value 'Hello' with 'key'
⟶  [19:37:01] [CliFlagsExecuter.php::applyCliFlagRecursive - info]
   CLI flag 'component_name' overwrote 'component_name' value 'Hello' with 'key'
⟶  [19:37:01] [CliFlagsExecuter.php::applyCliFlagRecursive - info]
   CLI flag 'component_name' overwrote 'component_name' value 'Hello' with 'key'
⟶  [19:37:01] [CliFlagsExecuter.php::applyCliFlagRecursive - info]
   CLI flag 'component_name' overwrote 'component_name' value 'key' with 'key'
⟶  [19:37:01] [CliFlagsExecuter.php::applyCliFlagRecursive - info]
   CLI flag 'component_name' overwrote 'component_name' value 'key' with 'key'
⟶  [19:37:01] [CliFlagsExecuter.php::applyCliFlagRecursive - info]
   CLI flag 'component_name' overwrote 'component_name' value 'key' with 'key'
⟶  [19:37:01] [CliFlagsExecuter.php::applyCliFlagRecursive - info]
   CLI flag 'component_path' overwrote 'component_path' value
   '/home/Genocide/Code/projects/boardify/back-end/app/Domains' with '/tmp/forge_dry_run_6939cbdcf1fd8'
⟶  [19:37:01] [CliFlagsExecuter.php::applyCliFlagRecursive - info]
   CLI flag 'component_path' overwrote 'component_path' value
   '/home/Genocide/Code/projects/boardify/back-end/app/Domains' with '/tmp/forge_dry_run_6939cbdcf1fd8'
⟶  [19:37:01] [CliFlagsSystemRunner.php::executeCliFlags - info]
   Final mode configuration after applying CLI flags:
mode_metadata:
    name: laravel-ddd
    version: 1.0
    description: "Defines the Laravel domain-driven structure for app scaffolding.\n"
    language: php
    author: omar
component_path_mutator:
   /home/Genocide/Code/projects/boardify/back-end/app/Domains
component_name_mutator:
   Hello
templates_path_mutator: Modes/laravel-ddd/Templates/
template_file_extension_mutator:
   php
templates_require_existing_dirs_mutator: true
templates_enabled_mutator:
   true
directories_enabled_mutator: false
units_created_by_default_mutators: true
units_map_mode:
   directories
units_enabled_mutator: true
naming_conventions_enabled_mutator:
   true
commands_enabled_mutator: true
cli_flags_enabled_mutator: true
cli_flags_enabled:
   true
cli_flags:
    component_path: /tmp/forge_dry_run_6939cbdcf1fd8
    component_name: key
    directories_enabled: false
    template_file_extension: php
    templates_path: Modes/laravel-ddd/Templates/
    templates_enabled: true
    units_created_by_default: false
    units_map_mode: directories
    units_enabled: true
    commands_enabled: true
    naming_conventions_enabled: true
commands_enabled: true
commands:
    before: {  }
    after: {  }
component_path: /tmp/forge_dry_run_6939cbdcf1fd8
component_name:
   key
directories_enabled: false
directories:
    - Migrations
    - Models
    - Policies
    - Providers
    - Controllers
    - DTOs
    - Requests
    - Services
    - Helpers
    - Contracts/Repositories
    - Repositories
    - Routes/Api
    - Tests/Feature
    - Tests/Unit
    - Seeders
    - Factories
    - Hello
templates_path: Modes/laravel-ddd/Templates/
templates_enabled:
   true
templates_require_existing_dirs: true
template_engine_extensions:
    - mustache
    - twig
    - blade.php
templates:
    defaults: { file_name: defaultFileName, file_extension: php, placeholders: { component_name: key }
   }
    overrides: {  }
units_enabled: true
units:
    - Crud
    - Auth
    - Logic
units_map:
    mode: directories
    directories: { units_created_by_default: false, overrides: { Models: {  }, Policies: {  }, Seeders:
   {  }, Migrations: {  }, Factories: {  }, Providers: {  } } }
    units: { units_created_by_default: false, overrides: {  } }
naming_conventions_enabled:
   true
naming_conventions:
    pascal_case: { component: true, directories: { defaults: true, overrides: {  } }, units: {
   defaults: true, overrides: {  } }, templates: { defaults: true, overrides: {  } } }

[=== Cli Flags Executer Finished. ===]
[==== Cli Flags System Runner Finished. ====]
[==== Commands System Runner Started. ====]
[=== Commands Resolver Started. ===]
⟶  [19:37:01] [CommandResolver.php::resolveBeforeCommands - info]
   No pre-scaffolding commands were provided
⟶  [19:37:01] [CommandResolver.php::resolveAfterCommands - info]
   No post-scaffolding commands were provided
[=== Commands Context Publisher Started. ===]
⟶  [19:37:01] [CommandSystemRunner.php::publishDTO - info]
   Published Context: 'App\Src\Domains\Commands\DTOs\CommandsContextDTO' to the global context bus
[=== Commands Context Publisher Finished. ===]
[=== Commands Resolver Finished. ===]
[=== Commands Executer Started. ===]
⟶  [19:37:01] [CommandsExecuter.php::loadContexts - info]
   Loaded context: 'CommandsContextDTO' from the context bus
⟶  [19:37:01] [CommandSystemRunner.php::executeCommands - info]
   Executing pre-scaffolding commands...
⟶  [19:37:01] [CommandSystemRunner.php::executeCommands - info]
   All pre-scaffolding commands executed
[=== Commands Executer Finished. ===]
[==== Commands System Runner Finished. ====]
[==== Naming Conventions System Runner Started. ====]
[=== Naming Conventions Resolver Started. ===]
[=== Naming Conventions Context Publisher Started. ===]
⟶  [19:37:01] [NamingConventionsSystemRunner.php::publishDTO - info]
   Published Context: 'App\Src\Core\NamingConventions\DTOs\NamingConventionsContextDTO' to the global
   context bus
[=== Naming Conventions Context Publisher Finished. ===]
[=== Naming Conventions Resolver Finished. ===]
[==== Naming Conventions System Runner Finished. ====]
[===== Forge Foundary Command Started. =====]
[==== Component System Runner Started. ====]
[=== Component Resolver Started. ===]
⟶  [19:37:01] [ComponentResolver.php::resolveComponentName - info]
   Component name: 'key'
⟶  [19:37:01] [ComponentResolver.php::resolveComponentPath - info]
   Component path: '/tmp/forge_dry_run_6939cbdcf1fd8/key'
[=== Component Context Publisher Started. ===]
⟶  [19:37:01] [ComponentSystemRunner.php::publishDTO - info]
   Published Context: 'App\Src\Domains\Components\DTOs\ComponentContextDTO' to the global context bus
[=== Component Context Publishing Finished. ===]
[=== Component Resolving Finished. ===]
[=== Component Generator Started. ===]
⟶  [19:37:01] [ComponentGenerator.php::loadContexts - info]
   Loaded context: 'ComponentContextDTO' from the context bus
⟶  [19:37:01] [ComponentSystemRunner.php::generateComponent - info]
   Generated component: '/tmp/forge_dry_run_6939cbdcf1fd8/key'
[=== Component Generating Finished. ===]
[==== Component System Runner Finished. ====]
[==== Directories System Runner Started. ====]
⟶  [19:37:01] [DirectorySystemRunner.php::assertEnabled - warning]
   Directories system is disabled
[==== Directories System Runner Finished. ====]
[==== Unit System Runner Started ====]
⟶  [19:37:01] [DryRunCommand.php::run - warning]
   Directories system is disabled therefore units system cant be ran
[==== Unit System Runner Finished. ====]
[==== Templates System Runner Started. ====]
[=== Templates system Resolvers Started. ===]
[=== Template Context Resolver Started. ===]
⟶  [19:37:01] [TemplateContextResolver.php::resolveTemplatesPath - info]
   Templates path: '/home/Genocide/Code/ForgeFoundary/App/Src/Modes/laravel-ddd/Templates'
⟶  [19:37:01] [TemplateContextResolver.php::resolveTemplateEngineExtensions - info]
   Template engine extensions available: '[mustache, twig, blade.php]'
⟶  [19:37:01] [TemplateContextResolver.php::resolveTemplates - info]
   Provided templates:'[controller.mustache, dto.mustache, model.mustache, policy.mustache,
   repository.mustache, service.mustache, serviceprovider.mustache]'
⟶  [19:37:01] [TemplateContextResolver.php::logDefaults - info]
   Resolved defaults:
⟶  [19:37:01] [TemplateResolvingManager.php::logArrayRecursively - raw]
     • file_name: defaultFileName
⟶  [19:37:01] [TemplateResolvingManager.php::logArrayRecursively - raw]
     • file_extension: php
⟶  [19:37:01] [TemplateResolvingManager.php::logArrayRecursively - raw]
     • placeholders:
⟶  [19:37:01] [TemplateResolvingManager.php::logArrayRecursively - raw]
         • component_name: key
⟶  [19:37:01] [TemplateContextResolver.php::logOverrides - info]
   No overrides defined
⟶  [19:37:01] [TemplateContextResolver.php::resolveTemplateRequireExistingDirs - info]
   Templates require existing directoreis to be created
[=== Templates Context Publisher Started. ===]
⟶  [19:37:01] [TemplateSystemRunner.php::publishDTO - info]
   Published Context: 'App\Src\Domains\Templates\DTOs\TemplateContextDTO' to the global context bus
[=== Templates Context Publisher Finished. ===]
[=== Template Context Resolver Finished. ===]
[=== Templates Resolver Started. ===]
⟶  [19:37:01] [TemplatesResolver.php::loadContexts - info]
   Loaded context: 'TemplateContextDTO' from the context bus
[=== Template controller.mustache Resolver Started. ===]
⟶  [19:37:01] [TemplateDataResolver.php::logData - info]
   Resolved file data for template 'controller.mustache':
⟶  [19:37:01] [TemplateDataResolver.php::logData - raw]
     - templateName: controller.mustache
⟶  [19:37:01] [TemplateDataResolver.php::logData - raw]
     - templatePath:
   /home/Genocide/Code/ForgeFoundary/App/Src/Modes/laravel-ddd/Templates/controller.mustache
⟶  [19:37:01] [TemplateDataResolver.php::logData - raw]
     - templateMetaData: file_name: "{{component_name}}Controller"
file_extension: ts
file_paths: 
  -
   Controllers
⟶  [19:37:01] [TemplateDataResolver.php::logData - raw]
     - templateOverrides:
⟶  [19:37:01] [FileDataResolver.php::logData - info]
   Resolved template data for template 'controller.mustache':
⟶  [19:37:01] [FileDataResolver.php::logData - raw]
     - fileName: keyController
⟶  [19:37:01] [FileDataResolver.php::logData - raw]
     - filePaths:
⟶  [19:37:01] [TemplateResolvingManager.php::logArrayIndented - raw]
         • 0: Controllers
⟶  [19:37:01] [FileDataResolver.php::logData - raw]
     - fileExtension: ts
⟶  [19:37:01] [FileDataResolver.php::logData - raw]
     - fileDisabled: 
⟶  [19:37:01] [FileDataResolver.php::logData - raw]
     - templateEngine: mustache
⟶  [19:37:01] [FileDataResolver.php::logData - raw]
     - filePlaceholders:
⟶  [19:37:01] [TemplateResolvingManager.php::logArrayIndented - raw]
         • file_name: {{component_name}}Controller
⟶  [19:37:01] [TemplateResolvingManager.php::logArrayIndented - raw]
         • file_extension: ts
⟶  [19:37:01] [TemplateResolvingManager.php::logArrayIndented - raw]
         • file_paths:
⟶  [19:37:01] [TemplateResolvingManager.php::logArrayIndented - raw]
             • 0: Controllers
⟶  [19:37:01] [TemplateResolvingManager.php::logArrayIndented - raw]
         • component_name: key
[=== Template controller.mustache Resolver Finished. ===]
[=== Template dto.mustache Resolver Started. ===]
⟶  [19:37:01] [TemplateDataResolver.php::logData - info]
   Resolved file data for template 'dto.mustache':
⟶  [19:37:01] [TemplateDataResolver.php::logData - raw]
     - templateName: dto.mustache
⟶  [19:37:01] [TemplateDataResolver.php::logData - raw]
     - templatePath: /home/Genocide/Code/ForgeFoundary/App/Src/Modes/laravel-ddd/Templates/dto.mustache
⟶  [19:37:01] [TemplateDataResolver.php::logData - raw]
     - templateMetaData: file_name: DTO
file_paths:
    - DTOs
file_extension: ts
⟶  [19:37:01] [TemplateDataResolver.php::logData - raw]
     - templateOverrides:
⟶  [19:37:01] [FileDataResolver.php::logData - info]
   Resolved template data for template 'dto.mustache':
⟶  [19:37:01] [FileDataResolver.php::logData - raw]
     - fileName: DTO
⟶  [19:37:01] [FileDataResolver.php::logData - raw]
     - filePaths:
⟶  [19:37:01] [TemplateResolvingManager.php::logArrayIndented - raw]
         • 0: DTOs
⟶  [19:37:01] [FileDataResolver.php::logData - raw]
     - fileExtension: ts
⟶  [19:37:01] [FileDataResolver.php::logData - raw]
     - fileDisabled: 
⟶  [19:37:01] [FileDataResolver.php::logData - raw]
     - templateEngine: mustache
⟶  [19:37:01] [FileDataResolver.php::logData - raw]
     - filePlaceholders:
⟶  [19:37:01] [TemplateResolvingManager.php::logArrayIndented - raw]
         • file_name: DTO
⟶  [19:37:01] [TemplateResolvingManager.php::logArrayIndented - raw]
         • file_paths:
⟶  [19:37:01] [TemplateResolvingManager.php::logArrayIndented - raw]
             • 0: DTOs
⟶  [19:37:01] [TemplateResolvingManager.php::logArrayIndented - raw]
         • file_extension: ts
⟶  [19:37:01] [TemplateResolvingManager.php::logArrayIndented - raw]
         • component_name: key
[=== Template dto.mustache Resolver Finished. ===]
[=== Template model.mustache Resolver Started. ===]
⟶  [19:37:01] [TemplateDataResolver.php::logData - info]
   Resolved file data for template 'model.mustache':
⟶  [19:37:01] [TemplateDataResolver.php::logData - raw]
     - templateName: model.mustache
⟶  [19:37:01] [TemplateDataResolver.php::logData - raw]
     - templatePath:
   /home/Genocide/Code/ForgeFoundary/App/Src/Modes/laravel-ddd/Templates/model.mustache
⟶  [19:37:01] [TemplateDataResolver.php::logData - raw]
     - templateMetaData: 
⟶  [19:37:01] [TemplateDataResolver.php::logData - raw]
     - templateOverrides:
⟶  [19:37:01] [TemplateSystemRunner.php::resolveTemplates - error]
   'model.mustache' does not have valid file data.
[=== Template policy.mustache Resolver Started. ===]
⟶  [19:37:01] [TemplateDataResolver.php::logData - info]
   Resolved file data for template 'policy.mustache':
⟶  [19:37:01] [TemplateDataResolver.php::logData - raw]
     - templateName: policy.mustache
⟶  [19:37:01] [TemplateDataResolver.php::logData - raw]
     - templatePath:
   /home/Genocide/Code/ForgeFoundary/App/Src/Modes/laravel-ddd/Templates/policy.mustache
⟶  [19:37:01] [TemplateDataResolver.php::logData - raw]
     - templateMetaData: 
⟶  [19:37:01] [TemplateDataResolver.php::logData - raw]
     - templateOverrides:
⟶  [19:37:01] [TemplateSystemRunner.php::resolveTemplates - error]
   'policy.mustache' does not have valid file data.
[=== Template repository.mustache Resolver Started. ===]
⟶  [19:37:01] [TemplateDataResolver.php::logData - info]
   Resolved file data for template 'repository.mustache':
⟶  [19:37:01] [TemplateDataResolver.php::logData - raw]
     - templateName: repository.mustache
⟶  [19:37:01] [TemplateDataResolver.php::logData - raw]
     - templatePath:
   /home/Genocide/Code/ForgeFoundary/App/Src/Modes/laravel-ddd/Templates/repository.mustache
⟶  [19:37:01] [TemplateDataResolver.php::logData - raw]
     - templateMetaData: 
⟶  [19:37:01] [TemplateDataResolver.php::logData - raw]
     - templateOverrides:
⟶  [19:37:01] [TemplateSystemRunner.php::resolveTemplates - error]
   'repository.mustache' does not have valid file data.
[=== Template service.mustache Resolver Started. ===]
⟶  [19:37:01] [TemplateDataResolver.php::logData - info]
   Resolved file data for template 'service.mustache':
⟶  [19:37:01] [TemplateDataResolver.php::logData - raw]
     - templateName: service.mustache
⟶  [19:37:01] [TemplateDataResolver.php::logData - raw]
     - templatePath:
   /home/Genocide/Code/ForgeFoundary/App/Src/Modes/laravel-ddd/Templates/service.mustache
⟶  [19:37:01] [TemplateDataResolver.php::logData - raw]
     - templateMetaData: 
⟶  [19:37:01] [TemplateDataResolver.php::logData - raw]
     - templateOverrides:
⟶  [19:37:01] [TemplateSystemRunner.php::resolveTemplates - error]
   'service.mustache' does not have valid file data.
[=== Template serviceprovider.mustache Resolver Started. ===]
⟶  [19:37:01] [TemplateDataResolver.php::logData - info]
   Resolved file data for template 'serviceprovider.mustache':
⟶  [19:37:01] [TemplateDataResolver.php::logData - raw]
     - templateName: serviceprovider.mustache
⟶  [19:37:01] [TemplateDataResolver.php::logData - raw]
     - templatePath:
   /home/Genocide/Code/ForgeFoundary/App/Src/Modes/laravel-ddd/Templates/serviceprovider.mustache
⟶  [19:37:01] [TemplateDataResolver.php::logData - raw]
     - templateMetaData: 
⟶  [19:37:01] [TemplateDataResolver.php::logData - raw]
     - templateOverrides:
⟶  [19:37:01] [TemplateSystemRunner.php::resolveTemplates - error]
   'serviceprovider.mustache' does not have valid file data.
[=== Templates Context Publisher Started. ===]
⟶  [19:37:01] [TemplateSystemRunner.php::publishDTO - info]
   Published Context: 'App\Src\Domains\Templates\DTOs\TemplatesDTO' to the global context bus
[=== Templates Context Publisher Finished. ===]
[=== Templates Resolver Finished. ===]
[=== Templates system Resolvers Finished. ===]
[=== Templates Generator Started. ===]
⟶  [19:37:01] [TemplatesGenerator.php::loadContexts - info]
   Loaded context: 'TemplatesDTO' from the context bus
⟶  [19:37:01] [FileGenerationManager.php::loadContexts - info]
   Loaded context: 'TemplateContextDTO' from the context bus
⟶  [19:37:01] [FileGenerationManager.php::loadContexts - info]
   Loaded context: 'ComponentContextDTO' from the context bus
⟶  [19:37:01] [NamingConventionsExecuter.php::loadContexts - info]
   Loaded context: 'NamingConventionsContextDTO' from the context bus
⟶  [19:37:01] [NamingConventionsExecuter.php::applyStyle - info]
   Applying naming convention: 'pascal_case' to value: 'keyController.ts'
⟶  [19:37:01] [FileGenerationManager.php::getFullFilePath - error]
   Path '/tmp/forge_dry_run_6939cbdcf1fd8/key/Controllers' does not exist; skipping generating file
   'KeyController.ts' in that directory
⟶  [19:37:01] [TemplatesGenerator.php::createFile - error]
   File 'keyController' have no valid paths; skipping
⟶  [19:37:01] [FileGenerationManager.php::loadContexts - info]
   Loaded context: 'TemplateContextDTO' from the context bus
⟶  [19:37:01] [FileGenerationManager.php::loadContexts - info]
   Loaded context: 'ComponentContextDTO' from the context bus
⟶  [19:37:01] [NamingConventionsExecuter.php::applyStyle - info]
   Applying naming convention: 'pascal_case' to value: 'DTO.ts'
⟶  [19:37:01] [FileGenerationManager.php::getFullFilePath - error]
   Path '/tmp/forge_dry_run_6939cbdcf1fd8/key/DTOs' does not exist; skipping generating file 'DTO.ts'
   in that directory
⟶  [19:37:01] [TemplatesGenerator.php::createFile - error]
   File 'DTO' have no valid paths; skipping
[=== Templates Generator Finished. ===]
[==== Templates System Runner Finished. ====]
[=== Commands Executer Started. ===]
⟶  [19:37:01] [CommandsExecuter.php::loadContexts - info]
   Loaded context: 'CommandsContextDTO' from the context bus
⟶  [19:37:01] [CommandSystemRunner.php::executeCommands - info]
   Executing post-scaffolding commands...
⟶  [19:37:01] [CommandSystemRunner.php::executeCommands - info]
   All post-scaffolding commands executed
[=== Commands Executer Finished. ===]
⟶  [19:37:01] [TreeManager.php::loadContexts - info]
   Loaded context: 'ComponentContextDTO' from the context bus
[===== Forge Foundary Command Finished. =====]
[===== Debugger Finished. =====]
[===== Debugger Started =====]
[==== Configs System Runner Started. ====]
[=== Configs Resolver Finished. ===]
⟶  [19:37:05] [ConfigResolver.php::loadContexts - info]
   Loaded context: 'CliInputContextDTO' from the context bus
⟶  [19:37:05] [ConfigResolver.php::resolveMainConfigName - warning]
   No custom main config name provided; using default: 'ForgeFoundary'
⟶  [19:37:05] [ConfigResolver.php::resolveMainConfigPath - warning]
   No custom config path provided. Using default: /home/Genocide/Code/ForgeFoundary/App/Src/Configs
⟶  [19:37:05] [ConfigResolver.php::resolveMainConfigValue - info]
   Attempting to load main config 'ForgeFoundary' from path:
   '/home/Genocide/Code/ForgeFoundary/App/Src/Configs'
⟶  [19:37:05] [ConfigResolver.php::resolveMainConfigValue - info]
   Loaded YAML config file: '/home/Genocide/Code/ForgeFoundary/App/Src/Configs/ForgeFoundary.yaml'
⟶  [19:37:05] [ConfigResolver.php::resolveMainConfigValue - info]
   Main config: 'ForgeFoundary' loaded successfully
⟶  [19:37:05] [ConfigResolver.php::resolveModeConfigName - info]
   Loaded mode name: 'laravel-ddd'
⟶  [19:37:05] [ConfigResolver.php::resolveModesConfigPath - info]
   Modes path: '/home/Genocide/Code/ForgeFoundary/App/Src/Modes'
⟶  [19:37:05] [ConfigResolver.php::resolveModeConfigValue - info]
   Attempting to load mode config 'laravel-ddd' from path:
   '/home/Genocide/Code/ForgeFoundary/App/Src/Modes'
⟶  [19:37:05] [ConfigResolver.php::resolveModeConfigValue - info]
   Loaded mode config file:
   '/home/Genocide/Code/ForgeFoundary/App/Src/Modes/laravel-ddd/laravel-ddd.yaml'
⟶  [19:37:05] [ConfigResolver.php::resolveModeConfigValue - info]
   Mode 'laravel-ddd' loaded successfully
⟶  [19:37:05] [ConfigResolver.php::resolveModeAbsolutePath - info]
   Absolute Mode Path: '/home/Genocide/Code/ForgeFoundary/App/Src/Modes/laravel-ddd/laravel-ddd.yaml'
[=== Configs Context Publisher Finished. ===]
⟶  [19:37:05] [ConfigSystemRunner.php::publishDTO - info]
   Published Context: 'App\Src\Domains\Configs\DTOs\ConfigContextDTO' to the global context bus
[=== Configs Context Publisher Finished. ===]
[=== Configs Resolver Finished. ===]
[==== Configs System Runner Finished. ====]
[==== Cli Flags System Runner Started. ====]
[=== Cli Flags Resolver Started. ===]
⟶  [19:37:05] [CliFlagsResolver.php::loadContexts - info]
   Loaded context: 'CliInputContextDTO' from the context bus
⟶  [19:37:05] [CliFlagsResolver.php::loadContexts - info]
   Loaded context: 'ConfigContextDTO' from the context bus
⟶  [19:37:05] [CliFlagsResolver.php::resolveProvidedCliFlags - info]
   Provided CLI flags: '[units_created_by_default=false, component_name=key,
   component_path=/tmp/forge_dry_run_6939cbe10d6eb]'
⟶  [19:37:05] [CliFlagsResolver.php::resolveMutatableConfigKeys - info]
   Linked CLI flags to config keys using them:
   {"component_path":["component_path"],"component_name":["component_name","component_name"],"directories_enabled":["directories_enabled"],"template_file_extension":["file_extension"],"templates_path":["templates_path"],"templates_enabled":["templates_enabled"],"units_created_by_default":["units_created_by_default","units_created_by_default"],"units_map_mode":["mode"],"units_enabled":["units_enabled"],"commands_enabled":["commands_enabled"],"naming_conventions_enabled":["naming_conventions_enabled"]}
[=== Cli Flags Context Publisher Started. ===]
⟶  [19:37:05] [CliFlagsSystemRunner.php::publishDTO - info]
   Published Context: 'App\Src\Domains\CliFlags\DTOs\CliFlagsContextDTO' to the global context bus
[=== Cli Flags Context Publisher Finished. ===]
[=== Cli Flags Resolver Finished. ===]
[=== Cli Flags Executer Started. ===]
⟶  [19:37:05] [CliFlagsExecuter.php::loadContexts - info]
   Loaded context: 'ConfigContextDTO' from the context bus
⟶  [19:37:05] [CliFlagsExecuter.php::loadContexts - info]
   Loaded context: 'CliFlagsContextDTO' from the context bus
⟶  [19:37:05] [CliFlagsSystemRunner.php::executeCliFlags - info]
   'units_created_by_default' CLI flag detected as bool FALSE
⟶  [19:37:05] [CliFlagsExecuter.php::applyCliFlagRecursive - info]
   CLI flag 'units_created_by_default' overwrote 'units_created_by_default' value '1' with ''
⟶  [19:37:05] [CliFlagsExecuter.php::applyCliFlagRecursive - info]
   CLI flag 'units_created_by_default' overwrote 'units_created_by_default' value '1' with ''
⟶  [19:37:05] [CliFlagsExecuter.php::applyCliFlagRecursive - info]
   CLI flag 'units_created_by_default' overwrote 'units_created_by_default' value '1' with ''
⟶  [19:37:05] [CliFlagsExecuter.php::applyCliFlagRecursive - info]
   CLI flag 'units_created_by_default' overwrote 'units_created_by_default' value '' with ''
⟶  [19:37:05] [CliFlagsExecuter.php::applyCliFlagRecursive - info]
   CLI flag 'units_created_by_default' overwrote 'units_created_by_default' value '' with ''
⟶  [19:37:05] [CliFlagsExecuter.php::applyCliFlagRecursive - info]
   CLI flag 'units_created_by_default' overwrote 'units_created_by_default' value '' with ''
⟶  [19:37:05] [CliFlagsExecuter.php::applyCliFlagRecursive - info]
   CLI flag 'component_name' overwrote 'component_name' value 'Hello' with 'key'
⟶  [19:37:05] [CliFlagsExecuter.php::applyCliFlagRecursive - info]
   CLI flag 'component_name' overwrote 'component_name' value 'Hello' with 'key'
⟶  [19:37:05] [CliFlagsExecuter.php::applyCliFlagRecursive - info]
   CLI flag 'component_name' overwrote 'component_name' value 'Hello' with 'key'
⟶  [19:37:05] [CliFlagsExecuter.php::applyCliFlagRecursive - info]
   CLI flag 'component_name' overwrote 'component_name' value 'key' with 'key'
⟶  [19:37:05] [CliFlagsExecuter.php::applyCliFlagRecursive - info]
   CLI flag 'component_name' overwrote 'component_name' value 'key' with 'key'
⟶  [19:37:05] [CliFlagsExecuter.php::applyCliFlagRecursive - info]
   CLI flag 'component_name' overwrote 'component_name' value 'key' with 'key'
⟶  [19:37:05] [CliFlagsExecuter.php::applyCliFlagRecursive - info]
   CLI flag 'component_path' overwrote 'component_path' value
   '/home/Genocide/Code/projects/boardify/back-end/app/Domains' with '/tmp/forge_dry_run_6939cbe10d6eb'
⟶  [19:37:05] [CliFlagsExecuter.php::applyCliFlagRecursive - info]
   CLI flag 'component_path' overwrote 'component_path' value
   '/home/Genocide/Code/projects/boardify/back-end/app/Domains' with '/tmp/forge_dry_run_6939cbe10d6eb'
⟶  [19:37:05] [CliFlagsSystemRunner.php::executeCliFlags - info]
   Final mode configuration after applying CLI flags:
mode_metadata:
    name: laravel-ddd
    version: 1.0
    description: "Defines the Laravel domain-driven structure for app scaffolding.\n"
    language: php
    author: omar
component_path_mutator:
   /home/Genocide/Code/projects/boardify/back-end/app/Domains
component_name_mutator:
   Hello
templates_path_mutator: Modes/laravel-ddd/Templates/
template_file_extension_mutator:
   php
templates_require_existing_dirs_mutator: true
templates_enabled_mutator:
   true
directories_enabled_mutator: false
units_created_by_default_mutators: true
units_map_mode:
   directories
units_enabled_mutator: true
naming_conventions_enabled_mutator:
   true
commands_enabled_mutator: true
cli_flags_enabled_mutator: true
cli_flags_enabled:
   true
cli_flags:
    component_path: /tmp/forge_dry_run_6939cbe10d6eb
    component_name: key
    directories_enabled: false
    template_file_extension: php
    templates_path: Modes/laravel-ddd/Templates/
    templates_enabled: true
    units_created_by_default: false
    units_map_mode: directories
    units_enabled: true
    commands_enabled: true
    naming_conventions_enabled: true
commands_enabled: true
commands:
    before: {  }
    after: {  }
component_path: /tmp/forge_dry_run_6939cbe10d6eb
component_name:
   key
directories_enabled: false
directories:
    - Migrations
    - Models
    - Policies
    - Providers
    - Controllers
    - DTOs
    - Requests
    - Services
    - Helpers
    - Contracts/Repositories
    - Repositories
    - Routes/Api
    - Tests/Feature
    - Tests/Unit
    - Seeders
    - Factories
    - Hello
templates_path: Modes/laravel-ddd/Templates/
templates_enabled:
   true
templates_require_existing_dirs: true
template_engine_extensions:
    - mustache
    - twig
    - blade.php
templates:
    defaults: { file_name: defaultFileName, file_extension: php, placeholders: { component_name: key }
   }
    overrides: {  }
units_enabled: true
units:
    - Crud
    - Auth
    - Logic
units_map:
    mode: directories
    directories: { units_created_by_default: false, overrides: { Models: {  }, Policies: {  }, Seeders:
   {  }, Migrations: {  }, Factories: {  }, Providers: {  } } }
    units: { units_created_by_default: false, overrides: {  } }
naming_conventions_enabled:
   true
naming_conventions:
    pascal_case: { component: true, directories: { defaults: true, overrides: {  } }, units: {
   defaults: true, overrides: {  } }, templates: { defaults: true, overrides: {  } } }

[=== Cli Flags Executer Finished. ===]
[==== Cli Flags System Runner Finished. ====]
[==== Commands System Runner Started. ====]
[=== Commands Resolver Started. ===]
⟶  [19:37:05] [CommandResolver.php::resolveBeforeCommands - info]
   No pre-scaffolding commands were provided
⟶  [19:37:05] [CommandResolver.php::resolveAfterCommands - info]
   No post-scaffolding commands were provided
[=== Commands Context Publisher Started. ===]
⟶  [19:37:05] [CommandSystemRunner.php::publishDTO - info]
   Published Context: 'App\Src\Domains\Commands\DTOs\CommandsContextDTO' to the global context bus
[=== Commands Context Publisher Finished. ===]
[=== Commands Resolver Finished. ===]
[=== Commands Executer Started. ===]
⟶  [19:37:05] [CommandsExecuter.php::loadContexts - info]
   Loaded context: 'CommandsContextDTO' from the context bus
⟶  [19:37:05] [CommandSystemRunner.php::executeCommands - info]
   Executing pre-scaffolding commands...
⟶  [19:37:05] [CommandSystemRunner.php::executeCommands - info]
   All pre-scaffolding commands executed
[=== Commands Executer Finished. ===]
[==== Commands System Runner Finished. ====]
[==== Naming Conventions System Runner Started. ====]
[=== Naming Conventions Resolver Started. ===]
[=== Naming Conventions Context Publisher Started. ===]
⟶  [19:37:05] [NamingConventionsSystemRunner.php::publishDTO - info]
   Published Context: 'App\Src\Core\NamingConventions\DTOs\NamingConventionsContextDTO' to the global
   context bus
[=== Naming Conventions Context Publisher Finished. ===]
[=== Naming Conventions Resolver Finished. ===]
[==== Naming Conventions System Runner Finished. ====]
[===== Forge Foundary Command Started. =====]
[==== Component System Runner Started. ====]
[=== Component Resolver Started. ===]
⟶  [19:37:05] [ComponentResolver.php::resolveComponentName - info]
   Component name: 'key'
⟶  [19:37:05] [ComponentResolver.php::resolveComponentPath - info]
   Component path: '/tmp/forge_dry_run_6939cbe10d6eb/key'
[=== Component Context Publisher Started. ===]
⟶  [19:37:05] [ComponentSystemRunner.php::publishDTO - info]
   Published Context: 'App\Src\Domains\Components\DTOs\ComponentContextDTO' to the global context bus
[=== Component Context Publishing Finished. ===]
[=== Component Resolving Finished. ===]
[=== Component Generator Started. ===]
⟶  [19:37:05] [ComponentGenerator.php::loadContexts - info]
   Loaded context: 'ComponentContextDTO' from the context bus
⟶  [19:37:05] [ComponentSystemRunner.php::generateComponent - info]
   Generated component: '/tmp/forge_dry_run_6939cbe10d6eb/key'
[=== Component Generating Finished. ===]
[==== Component System Runner Finished. ====]
[==== Directories System Runner Started. ====]
⟶  [19:37:05] [DirectorySystemRunner.php::assertEnabled - warning]
   Directories system is disabled
[==== Directories System Runner Finished. ====]
[==== Unit System Runner Started ====]
⟶  [19:37:05] [DryRunCommand.php::run - warning]
   Directories system is disabled therefore units system cant be ran
[==== Unit System Runner Finished. ====]
[==== Templates System Runner Started. ====]
[=== Templates system Resolvers Started. ===]
[=== Template Context Resolver Started. ===]
⟶  [19:37:05] [TemplateContextResolver.php::resolveTemplatesPath - info]
   Templates path: '/home/Genocide/Code/ForgeFoundary/App/Src/Modes/laravel-ddd/Templates'
⟶  [19:37:05] [TemplateContextResolver.php::resolveTemplateEngineExtensions - info]
   Template engine extensions available: '[mustache, twig, blade.php]'
⟶  [19:37:05] [TemplateContextResolver.php::resolveTemplates - info]
   Provided templates:'[controller.mustache, dto.mustache, model.mustache, policy.mustache,
   repository.mustache, service.mustache, serviceprovider.mustache]'
⟶  [19:37:05] [TemplateContextResolver.php::logDefaults - info]
   Resolved defaults:
⟶  [19:37:05] [TemplateResolvingManager.php::logArrayRecursively - raw]
     • file_name: defaultFileName
⟶  [19:37:05] [TemplateResolvingManager.php::logArrayRecursively - raw]
     • file_extension: php
⟶  [19:37:05] [TemplateResolvingManager.php::logArrayRecursively - raw]
     • placeholders:
⟶  [19:37:05] [TemplateResolvingManager.php::logArrayRecursively - raw]
         • component_name: key
⟶  [19:37:05] [TemplateContextResolver.php::logOverrides - info]
   No overrides defined
⟶  [19:37:05] [TemplateContextResolver.php::resolveTemplateRequireExistingDirs - info]
   Templates require existing directoreis to be created
[=== Templates Context Publisher Started. ===]
⟶  [19:37:05] [TemplateSystemRunner.php::publishDTO - info]
   Published Context: 'App\Src\Domains\Templates\DTOs\TemplateContextDTO' to the global context bus
[=== Templates Context Publisher Finished. ===]
[=== Template Context Resolver Finished. ===]
[=== Templates Resolver Started. ===]
⟶  [19:37:05] [TemplatesResolver.php::loadContexts - info]
   Loaded context: 'TemplateContextDTO' from the context bus
[=== Template controller.mustache Resolver Started. ===]
⟶  [19:37:05] [TemplateDataResolver.php::logData - info]
   Resolved file data for template 'controller.mustache':
⟶  [19:37:05] [TemplateDataResolver.php::logData - raw]
     - templateName: controller.mustache
⟶  [19:37:05] [TemplateDataResolver.php::logData - raw]
     - templatePath:
   /home/Genocide/Code/ForgeFoundary/App/Src/Modes/laravel-ddd/Templates/controller.mustache
⟶  [19:37:05] [TemplateDataResolver.php::logData - raw]
     - templateMetaData: file_name: "{{component_name}}Controller"
file_extension: ts
file_paths: 
  -
   Controllers
⟶  [19:37:05] [TemplateDataResolver.php::logData - raw]
     - templateOverrides:
⟶  [19:37:05] [FileDataResolver.php::logData - info]
   Resolved template data for template 'controller.mustache':
⟶  [19:37:05] [FileDataResolver.php::logData - raw]
     - fileName: keyController
⟶  [19:37:05] [FileDataResolver.php::logData - raw]
     - filePaths:
⟶  [19:37:05] [TemplateResolvingManager.php::logArrayIndented - raw]
         • 0: Controllers
⟶  [19:37:05] [FileDataResolver.php::logData - raw]
     - fileExtension: ts
⟶  [19:37:05] [FileDataResolver.php::logData - raw]
     - fileDisabled: 
⟶  [19:37:05] [FileDataResolver.php::logData - raw]
     - templateEngine: mustache
⟶  [19:37:05] [FileDataResolver.php::logData - raw]
     - filePlaceholders:
⟶  [19:37:05] [TemplateResolvingManager.php::logArrayIndented - raw]
         • file_name: {{component_name}}Controller
⟶  [19:37:05] [TemplateResolvingManager.php::logArrayIndented - raw]
         • file_extension: ts
⟶  [19:37:05] [TemplateResolvingManager.php::logArrayIndented - raw]
         • file_paths:
⟶  [19:37:05] [TemplateResolvingManager.php::logArrayIndented - raw]
             • 0: Controllers
⟶  [19:37:05] [TemplateResolvingManager.php::logArrayIndented - raw]
         • component_name: key
[=== Template controller.mustache Resolver Finished. ===]
[=== Template dto.mustache Resolver Started. ===]
⟶  [19:37:05] [TemplateDataResolver.php::logData - info]
   Resolved file data for template 'dto.mustache':
⟶  [19:37:05] [TemplateDataResolver.php::logData - raw]
     - templateName: dto.mustache
⟶  [19:37:05] [TemplateDataResolver.php::logData - raw]
     - templatePath: /home/Genocide/Code/ForgeFoundary/App/Src/Modes/laravel-ddd/Templates/dto.mustache
⟶  [19:37:05] [TemplateDataResolver.php::logData - raw]
     - templateMetaData: file_name: DTO
file_paths:
    - DTOs
file_extension: ts
⟶  [19:37:05] [TemplateDataResolver.php::logData - raw]
     - templateOverrides:
⟶  [19:37:05] [FileDataResolver.php::logData - info]
   Resolved template data for template 'dto.mustache':
⟶  [19:37:05] [FileDataResolver.php::logData - raw]
     - fileName: DTO
⟶  [19:37:05] [FileDataResolver.php::logData - raw]
     - filePaths:
⟶  [19:37:05] [TemplateResolvingManager.php::logArrayIndented - raw]
         • 0: DTOs
⟶  [19:37:05] [FileDataResolver.php::logData - raw]
     - fileExtension: ts
⟶  [19:37:05] [FileDataResolver.php::logData - raw]
     - fileDisabled: 
⟶  [19:37:05] [FileDataResolver.php::logData - raw]
     - templateEngine: mustache
⟶  [19:37:05] [FileDataResolver.php::logData - raw]
     - filePlaceholders:
⟶  [19:37:05] [TemplateResolvingManager.php::logArrayIndented - raw]
         • file_name: DTO
⟶  [19:37:05] [TemplateResolvingManager.php::logArrayIndented - raw]
         • file_paths:
⟶  [19:37:05] [TemplateResolvingManager.php::logArrayIndented - raw]
             • 0: DTOs
⟶  [19:37:05] [TemplateResolvingManager.php::logArrayIndented - raw]
         • file_extension: ts
⟶  [19:37:05] [TemplateResolvingManager.php::logArrayIndented - raw]
         • component_name: key
[=== Template dto.mustache Resolver Finished. ===]
[=== Template model.mustache Resolver Started. ===]
⟶  [19:37:05] [TemplateDataResolver.php::logData - info]
   Resolved file data for template 'model.mustache':
⟶  [19:37:05] [TemplateDataResolver.php::logData - raw]
     - templateName: model.mustache
⟶  [19:37:05] [TemplateDataResolver.php::logData - raw]
     - templatePath:
   /home/Genocide/Code/ForgeFoundary/App/Src/Modes/laravel-ddd/Templates/model.mustache
⟶  [19:37:05] [TemplateDataResolver.php::logData - raw]
     - templateMetaData: 
⟶  [19:37:05] [TemplateDataResolver.php::logData - raw]
     - templateOverrides:
⟶  [19:37:05] [TemplateSystemRunner.php::resolveTemplates - error]
   'model.mustache' does not have valid file data.
[=== Template policy.mustache Resolver Started. ===]
⟶  [19:37:05] [TemplateDataResolver.php::logData - info]
   Resolved file data for template 'policy.mustache':
⟶  [19:37:05] [TemplateDataResolver.php::logData - raw]
     - templateName: policy.mustache
⟶  [19:37:05] [TemplateDataResolver.php::logData - raw]
     - templatePath:
   /home/Genocide/Code/ForgeFoundary/App/Src/Modes/laravel-ddd/Templates/policy.mustache
⟶  [19:37:05] [TemplateDataResolver.php::logData - raw]
     - templateMetaData: 
⟶  [19:37:05] [TemplateDataResolver.php::logData - raw]
     - templateOverrides:
⟶  [19:37:05] [TemplateSystemRunner.php::resolveTemplates - error]
   'policy.mustache' does not have valid file data.
[=== Template repository.mustache Resolver Started. ===]
⟶  [19:37:05] [TemplateDataResolver.php::logData - info]
   Resolved file data for template 'repository.mustache':
⟶  [19:37:05] [TemplateDataResolver.php::logData - raw]
     - templateName: repository.mustache
⟶  [19:37:05] [TemplateDataResolver.php::logData - raw]
     - templatePath:
   /home/Genocide/Code/ForgeFoundary/App/Src/Modes/laravel-ddd/Templates/repository.mustache
⟶  [19:37:05] [TemplateDataResolver.php::logData - raw]
     - templateMetaData: 
⟶  [19:37:05] [TemplateDataResolver.php::logData - raw]
     - templateOverrides:
⟶  [19:37:05] [TemplateSystemRunner.php::resolveTemplates - error]
   'repository.mustache' does not have valid file data.
[=== Template service.mustache Resolver Started. ===]
⟶  [19:37:05] [TemplateDataResolver.php::logData - info]
   Resolved file data for template 'service.mustache':
⟶  [19:37:05] [TemplateDataResolver.php::logData - raw]
     - templateName: service.mustache
⟶  [19:37:05] [TemplateDataResolver.php::logData - raw]
     - templatePath:
   /home/Genocide/Code/ForgeFoundary/App/Src/Modes/laravel-ddd/Templates/service.mustache
⟶  [19:37:05] [TemplateDataResolver.php::logData - raw]
     - templateMetaData: 
⟶  [19:37:05] [TemplateDataResolver.php::logData - raw]
     - templateOverrides:
⟶  [19:37:05] [TemplateSystemRunner.php::resolveTemplates - error]
   'service.mustache' does not have valid file data.
[=== Template serviceprovider.mustache Resolver Started. ===]
⟶  [19:37:05] [TemplateDataResolver.php::logData - info]
   Resolved file data for template 'serviceprovider.mustache':
⟶  [19:37:05] [TemplateDataResolver.php::logData - raw]
     - templateName: serviceprovider.mustache
⟶  [19:37:05] [TemplateDataResolver.php::logData - raw]
     - templatePath:
   /home/Genocide/Code/ForgeFoundary/App/Src/Modes/laravel-ddd/Templates/serviceprovider.mustache
⟶  [19:37:05] [TemplateDataResolver.php::logData - raw]
     - templateMetaData: 
⟶  [19:37:05] [TemplateDataResolver.php::logData - raw]
     - templateOverrides:
⟶  [19:37:05] [TemplateSystemRunner.php::resolveTemplates - error]
   'serviceprovider.mustache' does not have valid file data.
[=== Templates Context Publisher Started. ===]
⟶  [19:37:05] [TemplateSystemRunner.php::publishDTO - info]
   Published Context: 'App\Src\Domains\Templates\DTOs\TemplatesDTO' to the global context bus
[=== Templates Context Publisher Finished. ===]
[=== Templates Resolver Finished. ===]
[=== Templates system Resolvers Finished. ===]
[=== Templates Generator Started. ===]
⟶  [19:37:05] [TemplatesGenerator.php::loadContexts - info]
   Loaded context: 'TemplatesDTO' from the context bus
⟶  [19:37:05] [FileGenerationManager.php::loadContexts - info]
   Loaded context: 'TemplateContextDTO' from the context bus
⟶  [19:37:05] [FileGenerationManager.php::loadContexts - info]
   Loaded context: 'ComponentContextDTO' from the context bus
⟶  [19:37:05] [NamingConventionsExecuter.php::loadContexts - info]
   Loaded context: 'NamingConventionsContextDTO' from the context bus
⟶  [19:37:05] [NamingConventionsExecuter.php::applyStyle - info]
   Applying naming convention: 'pascal_case' to value: 'keyController.ts'
⟶  [19:37:05] [FileGenerationManager.php::getFullFilePath - error]
   Path '/tmp/forge_dry_run_6939cbe10d6eb/key/Controllers' does not exist; skipping generating file
   'KeyController.ts' in that directory
⟶  [19:37:05] [TemplatesGenerator.php::createFile - error]
   File 'keyController' have no valid paths; skipping
⟶  [19:37:05] [FileGenerationManager.php::loadContexts - info]
   Loaded context: 'TemplateContextDTO' from the context bus
⟶  [19:37:05] [FileGenerationManager.php::loadContexts - info]
   Loaded context: 'ComponentContextDTO' from the context bus
⟶  [19:37:05] [NamingConventionsExecuter.php::applyStyle - info]
   Applying naming convention: 'pascal_case' to value: 'DTO.ts'
⟶  [19:37:05] [FileGenerationManager.php::getFullFilePath - error]
   Path '/tmp/forge_dry_run_6939cbe10d6eb/key/DTOs' does not exist; skipping generating file 'DTO.ts'
   in that directory
⟶  [19:37:05] [TemplatesGenerator.php::createFile - error]
   File 'DTO' have no valid paths; skipping
[=== Templates Generator Finished. ===]
[==== Templates System Runner Finished. ====]
[=== Commands Executer Started. ===]
⟶  [19:37:05] [CommandsExecuter.php::loadContexts - info]
   Loaded context: 'CommandsContextDTO' from the context bus
⟶  [19:37:05] [CommandSystemRunner.php::executeCommands - info]
   Executing post-scaffolding commands...
⟶  [19:37:05] [CommandSystemRunner.php::executeCommands - info]
   All post-scaffolding commands executed
[=== Commands Executer Finished. ===]
⟶  [19:37:05] [TreeManager.php::loadContexts - info]
   Loaded context: 'ComponentContextDTO' from the context bus
[===== Forge Foundary Command Finished. =====]
[===== Debugger Finished. =====]
